<?xml version="1.0" encoding="UTF-8"?>
<!-- Generated by org.testng.reporters.JUnitReportReporter -->
<testsuite hostname="VikramSolanki" failures="0" tests="3" name="runner.TestNgRunner" time="28.126" errors="0" timestamp="2025-04-29T19:58:52 IST" skipped="0">
  <testcase classname="runner.TestNgRunner" name="runScenario" time="1.037"/>
  <testcase classname="runner.TestNgRunner" name="runScenario" time="23.843"/>
  <testcase classname="runner.TestNgRunner" name="runScenario" time="3.246"/>
</testsuite> <!-- runner.TestNgRunner -->
