<?xml version="1.0" encoding="UTF-8"?>
<!-- Generated by org.testng.reporters.JUnitReportReporter -->
<testsuite hostname="VikramSolanki" failures="0" tests="3" name="runner.TestNgRunner" time="39.473" errors="0" timestamp="2025-04-27T21:58:30 IST" skipped="0">
  <testcase classname="runner.TestNgRunner" name="runScenario" time="32.496"/>
  <testcase classname="runner.TestNgRunner" name="runScenario" time="1.134"/>
  <testcase classname="runner.TestNgRunner" name="runScenario" time="5.843"/>
</testsuite> <!-- runner.TestNgRunner -->
