<?xml version="1.0" encoding="UTF-8"?>
<!-- Generated by org.testng.reporters.JUnitReportReporter -->
<testsuite hostname="VikramSolanki" failures="0" tests="3" name="runner.TestNgRunner" time="33.630" errors="0" timestamp="2025-04-29T15:01:56 IST" skipped="0">
  <testcase classname="runner.TestNgRunner" name="runScenario" time="29.210"/>
  <testcase classname="runner.TestNgRunner" name="runScenario" time="3.455"/>
  <testcase classname="runner.TestNgRunner" name="runScenario" time="0.965"/>
</testsuite> <!-- runner.TestNgRunner -->
