<?xml version="1.0" encoding="UTF-8"?>
<!-- Generated by org.testng.reporters.JUnitReportReporter -->
<testsuite hostname="VikramSolanki" failures="0" tests="6" name="runner.TestNgRunner" time="89.402" errors="0" timestamp="2025-04-28T19:33:14 IST" skipped="0">
  <testcase classname="runner.TestNgRunner" name="runScenario" time="0.951"/>
  <testcase classname="runner.TestNgRunner" name="runScenario" time="1.080"/>
  <testcase classname="runner.TestNgRunner" name="runScenario" time="55.058"/>
  <testcase classname="runner.TestNgRunner" name="runScenario" time="25.655"/>
  <testcase classname="runner.TestNgRunner" name="runScenario" time="3.329"/>
  <testcase classname="runner.TestNgRunner" name="runScenario" time="3.329"/>
</testsuite> <!-- runner.TestNgRunner -->
