<?xml version="1.0" encoding="UTF-8"?>
<!-- Generated by org.testng.reporters.JUnitReportReporter -->
<testsuite hostname="VikramSolanki" failures="0" tests="3" name="runner.TestNgRunner" time="34.058" errors="0" timestamp="2025-04-27T19:46:45 IST" skipped="0">
  <testcase classname="runner.TestNgRunner" name="runScenario" time="4.073"/>
  <testcase classname="runner.TestNgRunner" name="runScenario" time="1.118"/>
  <testcase classname="runner.TestNgRunner" name="runScenario" time="28.867"/>
</testsuite> <!-- runner.TestNgRunner -->
