<?xml version="1.0" encoding="UTF-8"?>
<!-- Generated by org.testng.reporters.JUnitReportReporter -->
<testsuite hostname="VikramSolanki" failures="0" tests="3" name="runner.TestNgRunner" time="19.476" errors="0" timestamp="2025-04-27T16:15:09 IST" skipped="0">
  <testcase classname="runner.TestNgRunner" name="runScenario" time="3.493"/>
  <testcase classname="runner.TestNgRunner" name="runScenario" time="15.013"/>
  <testcase classname="runner.TestNgRunner" name="runScenario" time="0.970"/>
</testsuite> <!-- runner.TestNgRunner -->
